ResideMenu/build/outputs/logs/manifest-merger-debug-report.txt
-- Merging decision tree log ---
manifest
ADDED from Devotted\ResideMenu\AndroidManifest.xml:2:1-9:12
INJECTED from Devotted\ResideMenu\AndroidManifest.xml:2:1-9:12
INJECTED from Devotted\ResideMenu\AndroidManifest.xml:2:1-9:12
INJECTED from Devotted\ResideMenu\AndroidManifest.xml:2:1-9:12
INJECTED from Devotted\ResideMenu\AndroidManifest.xml:2:1-9:12
INJECTED from Devotted\ResideMenu\AndroidManifest.xml:2:1-9:12
INJECTED from Devotted\ResideMenu\AndroidManifest.xml:2:1-9:12
	package
		ADDED from Devotted\ResideMenu\AndroidManifest.xml:3:5-37
		INJECTED from Devotted\ResideMenu\AndroidManifest.xml
		INJECTED from Devotted\ResideMenu\AndroidManifest.xml
	android:versionName
		ADDED from Devotted\ResideMenu\AndroidManifest.xml:5:5-30
		INJECTED from Devotted\ResideMenu\AndroidManifest.xml
		INJECTED from Devotted\ResideMenu\AndroidManifest.xml
	xmlns:android
		ADDED from Devotted\ResideMenu\AndroidManifest.xml:2:11-69
	android:versionCode
		ADDED from Devotted\ResideMenu\AndroidManifest.xml:4:5-28
		INJECTED from Devotted\ResideMenu\AndroidManifest.xml
		INJECTED from Devotted\ResideMenu\AndroidManifest.xml
uses-sdk
ADDED from Devotted\ResideMenu\AndroidManifest.xml:7:5-44
INJECTED from Devotted\ResideMenu\AndroidManifest.xml:7:5-44
INJECTED from Devotted\ResideMenu\AndroidManifest.xml:7:5-44
INJECTED from Devotted\ResideMenu\AndroidManifest.xml:7:5-44
INJECTED from Devotted\ResideMenu\AndroidManifest.xml:7:5-44
	android:targetSdkVersion
		INJECTED from Devotted\ResideMenu\AndroidManifest.xml
		ADDED from Devotted\ResideMenu\AndroidManifest.xml:7:5-44
		INJECTED from Devotted\ResideMenu\AndroidManifest.xml
	android:minSdkVersion
		ADDED from Devotted\ResideMenu\AndroidManifest.xml:7:15-41
		INJECTED from Devotted\ResideMenu\AndroidManifest.xml
		INJECTED from Devotted\ResideMenu\AndroidManifest.xml